-------------------------------------------------------------------------------
Test set: com.livesust.testrunner.TestRunner
-------------------------------------------------------------------------------
Tests run: 7, Failures: 4, Errors: 0, Skipped: 0, Time elapsed: 171.317 sec <<< FAILURE!
Verify user signin with unregistered email credential(Verify the Signin Functionality)  Time elapsed: 22.273 sec  <<< FAILURE!
org.junit.ComparisonFailure: expected:<[]nvalid email> but was:<[I]nvalid email>
	at org.junit.Assert.assertEquals(Assert.java:117)
	at org.junit.Assert.assertEquals(Assert.java:146)
	at com.livesust.stepdefinition.SignInPageStep.assertTheErrorMessageForUnregisteredEmailCredential(SignInPageStep.java:81)
	at ?.assert the error message for unregistered email credential(file:///D:/LiveSust/LiveSustWeb/LiveSustWebAutomation/src/test/resources/Features/SignIn.feature:9)

Verify user signin with without enter email(Verify the Signin Functionality)  Time elapsed: 20.922 sec  <<< FAILURE!
org.junit.ComparisonFailure: expected:<...r username or email [address]> but was:<...r username or email [id]>
	at org.junit.Assert.assertEquals(Assert.java:117)
	at org.junit.Assert.assertEquals(Assert.java:146)
	at com.livesust.stepdefinition.SignInPageStep.assertTheErrorMessageForWithoutEnterEmail(SignInPageStep.java:118)
	at ?.assert the error message for without enter email(file:///D:/LiveSust/LiveSustWeb/LiveSustWebAutomation/src/test/resources/Features/SignIn.feature:29)

Verify user signin with invalid password credential(Verify the Signin Functionality)  Time elapsed: 20.085 sec  <<< FAILURE!
java.lang.AssertionError: User not able to launch Livesust Website
	at org.junit.Assert.fail(Assert.java:89)
	at com.livesust.stepdefinition.SignInPageStep.userEnterTheValuesAnd(SignInPageStep.java:54)
	at ?.user enter the values Liveautomation@yopmail.com and hello@123(file:///D:/LiveSust/LiveSustWeb/LiveSustWebAutomation/src/test/resources/Features/SignIn.feature:59)

Verify user signin with valid credential(Verify the Signin Functionality)  Time elapsed: 22.55 sec  <<< FAILURE!
org.junit.ComparisonFailure: expected:<[]ogin successfully> but was:<[L]ogin successfully>
	at org.junit.Assert.assertEquals(Assert.java:117)
	at org.junit.Assert.assertEquals(Assert.java:146)
	at com.livesust.stepdefinition.SignInPageStep.checkTheUserIsSuccessfullyLoggedintoApp(SignInPageStep.java:197)
	at ?.check the user is successfully logged into app(file:///D:/LiveSust/LiveSustWeb/LiveSustWebAutomation/src/test/resources/Features/SignIn.feature:72)

